<?xml version="1.0" encoding="UTF-8"?>
<!-- Generated by org.testng.reporters.JUnitXMLReporter -->
<testsuite ignored="0" hostname="DESKTOP-5CQBF27" failures="0" tests="4" name="Default test" time="12.766" errors="0" timestamp="2022-09-01T11:26:05 IST">
  <testcase classname="TestCases.login" name="LoginUser" time="2.394"/>
  <testcase classname="TestCases.login" name="TotalReadUnreadMessagesOfWeb" time="2.519"/>
  <testcase classname="TestCases.login" name="TotalReadUnreadMessagesOfWhatsapp" time="2.356"/>
  <testcase classname="TestCases.login" name="TotalReadUnreadMessageOfFacebook" time="2.276"/>
</testsuite> <!-- Default test -->
