<?xml version="1.0" encoding="UTF-8"?>
<!-- Generated by org.testng.reporters.JUnitXMLReporter -->
<testsuite ignored="0" hostname="DESKTOP-5CQBF27" failures="0" tests="6" name="Default test" time="14.288" errors="0" timestamp="2022-09-01T12:41:34 IST">
  <testcase classname="TestCasse2.InboxSection" name="LoginUser" time="2.546"/>
  <testcase classname="TestCasse2.InboxSection" name="AccessTheInbox" time="0.341"/>
  <testcase classname="TestCasse2.InboxSection" name="AccessTheChatSection" time="2.057"/>
  <testcase classname="TestCasse2.InboxSection" name="AccessTheUnreadSection" time="2.08"/>
  <testcase classname="TestCasse2.InboxSection" name="AccessTheActiveSection" time="2.126"/>
  <testcase classname="TestCasse2.InboxSection" name="AccessTheArchiveSection" time="2.09"/>
</testsuite> <!-- Default test -->
