<?xml version="1.0" encoding="UTF-8"?>
<testng-results ignored="0" total="6" passed="6" failed="0" skipped="0">
  <reporter-output>
  </reporter-output>
  <suite started-at="2022-09-01T12:41:20 IST" name="Default suite" finished-at="2022-09-01T12:41:34 IST" duration-ms="14288">
    <groups>
    </groups>
    <test started-at="2022-09-01T12:41:20 IST" name="Default test" finished-at="2022-09-01T12:41:34 IST" duration-ms="14288">
      <class name="TestCasse2.InboxSection">
        <test-method is-config="true" signature="BeforeTesting()[pri:0, instance:TestCasse2.InboxSection@a9cd3b1]" started-at="2022-09-01T12:41:20 IST" name="BeforeTesting" finished-at="2022-09-01T12:41:23 IST" duration-ms="2980" status="PASS">
          <reporter-output>
          </reporter-output>
        </test-method> <!-- BeforeTesting -->
        <test-method signature="LoginUser()[pri:1, instance:TestCasse2.InboxSection@a9cd3b1]" started-at="2022-09-01T12:41:23 IST" name="LoginUser" finished-at="2022-09-01T12:41:26 IST" duration-ms="2546" status="PASS">
          <reporter-output>
          </reporter-output>
        </test-method> <!-- LoginUser -->
        <test-method signature="AccessTheInbox()[pri:2, instance:TestCasse2.InboxSection@a9cd3b1]" started-at="2022-09-01T12:41:26 IST" name="AccessTheInbox" finished-at="2022-09-01T12:41:26 IST" duration-ms="341" status="PASS">
          <reporter-output>
          </reporter-output>
        </test-method> <!-- AccessTheInbox -->
        <test-method signature="AccessTheChatSection()[pri:3, instance:TestCasse2.InboxSection@a9cd3b1]" started-at="2022-09-01T12:41:26 IST" name="AccessTheChatSection" finished-at="2022-09-01T12:41:28 IST" duration-ms="2057" status="PASS">
          <reporter-output>
          </reporter-output>
        </test-method> <!-- AccessTheChatSection -->
        <test-method signature="AccessTheUnreadSection()[pri:4, instance:TestCasse2.InboxSection@a9cd3b1]" started-at="2022-09-01T12:41:28 IST" name="AccessTheUnreadSection" finished-at="2022-09-01T12:41:30 IST" duration-ms="2080" status="PASS">
          <reporter-output>
          </reporter-output>
        </test-method> <!-- AccessTheUnreadSection -->
        <test-method signature="AccessTheActiveSection()[pri:5, instance:TestCasse2.InboxSection@a9cd3b1]" started-at="2022-09-01T12:41:30 IST" name="AccessTheActiveSection" finished-at="2022-09-01T12:41:32 IST" duration-ms="2126" status="PASS">
          <reporter-output>
          </reporter-output>
        </test-method> <!-- AccessTheActiveSection -->
        <test-method signature="AccessTheArchiveSection()[pri:6, instance:TestCasse2.InboxSection@a9cd3b1]" started-at="2022-09-01T12:41:32 IST" name="AccessTheArchiveSection" finished-at="2022-09-01T12:41:34 IST" duration-ms="2090" status="PASS">
          <reporter-output>
          </reporter-output>
        </test-method> <!-- AccessTheArchiveSection -->
      </class> <!-- TestCasse2.InboxSection -->
    </test> <!-- Default test -->
  </suite> <!-- Default suite -->
</testng-results>
