<?xml version="1.0" encoding="UTF-8"?>
<testng-results ignored="0" total="6" passed="6" failed="0" skipped="0">
  <reporter-output>
  </reporter-output>
  <suite started-at="2022-09-01T12:33:02 IST" name="Default suite" finished-at="2022-09-01T12:33:20 IST" duration-ms="17424">
    <groups>
    </groups>
    <test started-at="2022-09-01T12:33:02 IST" name="Default test" finished-at="2022-09-01T12:33:20 IST" duration-ms="17424">
      <class name="TestCasse2.InboxSection">
        <test-method is-config="true" signature="BeforeTesting()[pri:0, instance:TestCasse2.InboxSection@a9cd3b1]" started-at="2022-09-01T12:33:02 IST" name="BeforeTesting" finished-at="2022-09-01T12:33:05 IST" duration-ms="2879" status="PASS">
          <reporter-output>
          </reporter-output>
        </test-method> <!-- BeforeTesting -->
        <test-method signature="LoginUser()[pri:1, instance:TestCasse2.InboxSection@a9cd3b1]" started-at="2022-09-01T12:33:05 IST" name="LoginUser" finished-at="2022-09-01T12:33:08 IST" duration-ms="2424" status="PASS">
          <reporter-output>
          </reporter-output>
        </test-method> <!-- LoginUser -->
        <test-method signature="AccessTheInbox()[pri:2, instance:TestCasse2.InboxSection@a9cd3b1]" started-at="2022-09-01T12:33:08 IST" name="AccessTheInbox" finished-at="2022-09-01T12:33:11 IST" duration-ms="3643" status="PASS">
          <reporter-output>
          </reporter-output>
        </test-method> <!-- AccessTheInbox -->
        <test-method signature="AccessTheChatSection()[pri:3, instance:TestCasse2.InboxSection@a9cd3b1]" started-at="2022-09-01T12:33:11 IST" name="AccessTheChatSection" finished-at="2022-09-01T12:33:14 IST" duration-ms="2095" status="PASS">
          <reporter-output>
          </reporter-output>
        </test-method> <!-- AccessTheChatSection -->
        <test-method signature="AccessTheUnreadSection()[pri:4, instance:TestCasse2.InboxSection@a9cd3b1]" started-at="2022-09-01T12:33:14 IST" name="AccessTheUnreadSection" finished-at="2022-09-01T12:33:16 IST" duration-ms="2085" status="PASS">
          <reporter-output>
          </reporter-output>
        </test-method> <!-- AccessTheUnreadSection -->
        <test-method signature="AccessTheActiveSection()[pri:5, instance:TestCasse2.InboxSection@a9cd3b1]" started-at="2022-09-01T12:33:16 IST" name="AccessTheActiveSection" finished-at="2022-09-01T12:33:18 IST" duration-ms="2135" status="PASS">
          <reporter-output>
          </reporter-output>
        </test-method> <!-- AccessTheActiveSection -->
        <test-method signature="AccessTheArchiveSection()[pri:6, instance:TestCasse2.InboxSection@a9cd3b1]" started-at="2022-09-01T12:33:18 IST" name="AccessTheArchiveSection" finished-at="2022-09-01T12:33:20 IST" duration-ms="2098" status="PASS">
          <reporter-output>
          </reporter-output>
        </test-method> <!-- AccessTheArchiveSection -->
      </class> <!-- TestCasse2.InboxSection -->
    </test> <!-- Default test -->
  </suite> <!-- Default suite -->
</testng-results>
